<?xml version="1.0" encoding="utf-8"?>
<!-- SIMULATED Security channel export -->
<!-- Generated 2026-08-04 for purple-team exercise. NOT real collected telemetry. -->
<!-- Host: WIN11V.condef.local | Models T1136.001 rogue-admin creation (net user DefaultService /add + add to Administrators) -->
<!-- Requires audit policy: "Audit User Account Management" and "Audit Security Group Management" = Success. -->
<Events>

  <!-- ===== 4720  A user account was created ===== -->
  <Event xmlns="http://schemas.microsoft.com/win/2004/08/events/event">
    <System>
      <Provider Name="Microsoft-Windows-Security-Auditing" Guid="{54849625-5478-4994-a5ba-3e3b0328c30d}" />
      <EventID>4720</EventID>
      <Version>0</Version>
      <Level>0</Level>
      <Task>13824</Task>
      <Opcode>0</Opcode>
      <Keywords>0x8020000000000000</Keywords>
      <TimeCreated SystemTime="2026-08-04T14:25:47.150Z" />
      <EventRecordID>993217</EventRecordID>
      <Correlation ActivityID="{a1b2c3d4-1c8b-0001-0000-000000000001}" />
      <Execution ProcessID="732" ThreadID="1044" />
      <Channel>Security</Channel>
      <Computer>WIN11V.condef.local</Computer>
      <Security />
    </System>
    <EventData>
      <Data Name="TargetUserName">DefaultService</Data>
      <Data Name="TargetDomainName">WIN11V</Data>
      <Data Name="TargetSid">S-1-5-21-3092648941-1817021842-441756330-1043</Data>
      <Data Name="SubjectUserSid">S-1-5-21-3092648941-1817021842-441756330-1119</Data>
      <Data Name="SubjectUserName">svc-backup</Data>
      <Data Name="SubjectDomainName">CONDEF</Data>
      <Data Name="SubjectLogonId">0x1e5c4f</Data>
      <Data Name="PrivilegeList">-</Data>
      <Data Name="SamAccountName">DefaultService</Data>
      <Data Name="DisplayName">%%1793</Data>
      <Data Name="UserPrincipalName">-</Data>
      <Data Name="HomeDirectory">%%1793</Data>
      <Data Name="HomePath">%%1793</Data>
      <Data Name="ScriptPath">%%1793</Data>
      <Data Name="ProfilePath">%%1793</Data>
      <Data Name="UserWorkstations">%%1793</Data>
      <Data Name="PasswordLastSet">%%1794</Data>
      <Data Name="AccountExpires">%%1794</Data>
      <Data Name="PrimaryGroupId">513</Data>
      <Data Name="AllowedToDelegateTo">-</Data>
      <Data Name="OldUacValue">0x0</Data>
      <Data Name="NewUacValue">0x15</Data>
      <Data Name="UserAccountControl">%%2080 %%2082 %%2084</Data>
      <Data Name="UserParameters">%%1793</Data>
      <Data Name="SidHistory">-</Data>
      <Data Name="LogonHours">%%1797</Data>
    </EventData>
  </Event>

  <!-- ===== 4722  A user account was enabled ===== -->
  <Event xmlns="http://schemas.microsoft.com/win/2004/08/events/event">
    <System>
      <Provider Name="Microsoft-Windows-Security-Auditing" Guid="{54849625-5478-4994-a5ba-3e3b0328c30d}" />
      <EventID>4722</EventID>
      <TimeCreated SystemTime="2026-08-04T14:25:47.156Z" />
      <EventRecordID>993218</EventRecordID>
      <Channel>Security</Channel>
      <Computer>WIN11V.condef.local</Computer>
      <Security />
    </System>
    <EventData>
      <Data Name="TargetUserName">DefaultService</Data>
      <Data Name="TargetDomainName">WIN11V</Data>
      <Data Name="TargetSid">S-1-5-21-3092648941-1817021842-441756330-1043</Data>
      <Data Name="SubjectUserSid">S-1-5-21-3092648941-1817021842-441756330-1119</Data>
      <Data Name="SubjectUserName">svc-backup</Data>
      <Data Name="SubjectDomainName">CONDEF</Data>
      <Data Name="SubjectLogonId">0x1e5c4f</Data>
    </EventData>
  </Event>

  <!-- ===== 4724  An attempt was made to reset an account's password ===== -->
  <Event xmlns="http://schemas.microsoft.com/win/2004/08/events/event">
    <System>
      <Provider Name="Microsoft-Windows-Security-Auditing" Guid="{54849625-5478-4994-a5ba-3e3b0328c30d}" />
      <EventID>4724</EventID>
      <TimeCreated SystemTime="2026-08-04T14:25:47.160Z" />
      <EventRecordID>993219</EventRecordID>
      <Channel>Security</Channel>
      <Computer>WIN11V.condef.local</Computer>
      <Security />
    </System>
    <EventData>
      <Data Name="TargetUserName">DefaultService</Data>
      <Data Name="TargetDomainName">WIN11V</Data>
      <Data Name="TargetSid">S-1-5-21-3092648941-1817021842-441756330-1043</Data>
      <Data Name="SubjectUserSid">S-1-5-21-3092648941-1817021842-441756330-1119</Data>
      <Data Name="SubjectUserName">svc-backup</Data>
      <Data Name="SubjectDomainName">CONDEF</Data>
      <Data Name="SubjectLogonId">0x1e5c4f</Data>
    </EventData>
  </Event>

  <!-- ===== 4732  Administradores add FAILURE is not audited as 4732; net.exe returns error 1376. -->
  <!--        The FIRST successful group add is the English Administrators, ~10 min later. ===== -->
  <Event xmlns="http://schemas.microsoft.com/win/2004/08/events/event">
    <System>
      <Provider Name="Microsoft-Windows-Security-Auditing" Guid="{54849625-5478-4994-a5ba-3e3b0328c30d}" />
      <EventID>4732</EventID>
      <Version>0</Version>
      <Level>0</Level>
      <Task>13826</Task>
      <Keywords>0x8020000000000000</Keywords>
      <TimeCreated SystemTime="2026-08-04T14:35:52.815Z" />
      <EventRecordID>994003</EventRecordID>
      <Channel>Security</Channel>
      <Computer>WIN11V.condef.local</Computer>
      <Security />
    </System>
    <EventData>
      <Data Name="MemberName">-</Data>
      <Data Name="MemberSid">S-1-5-21-3092648941-1817021842-441756330-1043</Data>
      <Data Name="TargetUserName">Administrators</Data>
      <Data Name="TargetDomainName">Builtin</Data>
      <Data Name="TargetSid">S-1-5-32-544</Data>
      <Data Name="SubjectUserSid">S-1-5-21-3092648941-1817021842-441756330-1119</Data>
      <Data Name="SubjectUserName">svc-backup</Data>
      <Data Name="SubjectDomainName">CONDEF</Data>
      <Data Name="SubjectLogonId">0x1e5c4f</Data>
      <Data Name="PrivilegeList">-</Data>
    </EventData>
  </Event>

</Events>
